  client.cpp
D:\cppProjects\asya\PerfectGame\PerfectGameClient\client.cpp(112,10): warning C4244: 'argument': conversion from 'double' to 'unsigned long', possible loss of data
D:\cppProjects\asya\PerfectGame\PerfectGameClient\client.cpp(179,80): warning C4244: 'argument': conversion from 'int' to 'float', possible loss of data
D:\cppProjects\asya\PerfectGame\PerfectGameClient\client.cpp(179,49): warning C4244: 'argument': conversion from 'int' to 'float', possible loss of data
D:\cppProjects\asya\PerfectGame\PerfectGameClient\client.cpp(190,37): warning C4244: 'argument': conversion from 'int' to 'T', possible loss of data
          with
          [
              T=float
          ]
D:\cppProjects\asya\PerfectGame\PerfectGameClient\client.cpp(190,23): warning C4244: 'argument': conversion from 'int' to 'T', possible loss of data
          with
          [
              T=float
          ]
D:\cppProjects\asya\PerfectGame\PerfectGameClient\client.cpp(234,39): warning C4244: 'argument': conversion from 'size_t' to 'float', possible loss of data
D:\cppProjects\asya\PerfectGame\PerfectGameClient\client.cpp(234,31): warning C4244: 'argument': conversion from 'size_t' to 'float', possible loss of data
D:\cppProjects\asya\PerfectGame\PerfectGameClient\client.cpp(250,36): warning C4244: 'argument': conversion from 'size_t' to 'T', possible loss of data
          with
          [
              T=float
          ]
D:\cppProjects\asya\PerfectGame\PerfectGameClient\client.cpp(251,38): warning C4244: 'argument': conversion from 'size_t' to 'T', possible loss of data
          with
          [
              T=float
          ]
D:\cppProjects\asya\PerfectGame\PerfectGameClient\client.cpp(257,33): warning C4244: 'argument': conversion from 'size_t' to 'T', possible loss of data
          with
          [
              T=float
          ]
D:\cppProjects\asya\PerfectGame\PerfectGameClient\client.cpp(258,33): warning C4244: 'argument': conversion from 'size_t' to 'T', possible loss of data
          with
          [
              T=float
          ]
D:\cppProjects\asya\PerfectGame\PerfectGameClient\client.cpp(263,88): warning C4244: 'argument': conversion from 'int' to 'float', possible loss of data
D:\cppProjects\asya\PerfectGame\PerfectGameClient\client.cpp(263,55): warning C4244: 'argument': conversion from 'int' to 'float', possible loss of data
D:\cppProjects\asya\PerfectGame\PerfectGameClient\client.cpp(265,114): warning C4244: 'argument': conversion from 'int' to 'float', possible loss of data
D:\cppProjects\asya\PerfectGame\PerfectGameClient\client.cpp(279,106): warning C4244: 'argument': conversion from 'int' to 'float', possible loss of data
D:\cppProjects\asya\PerfectGame\PerfectGameClient\client.cpp(279,60): warning C4244: 'argument': conversion from 'int' to 'float', possible loss of data
D:\cppProjects\asya\PerfectGame\PerfectGameClient\client.cpp(282,88): warning C4244: 'argument': conversion from 'int' to 'float', possible loss of data
D:\cppProjects\asya\PerfectGame\PerfectGameClient\client.cpp(282,55): warning C4244: 'argument': conversion from 'int' to 'float', possible loss of data
D:\cppProjects\asya\PerfectGame\PerfectGameClient\client.cpp(295,87): warning C4244: 'argument': conversion from 'int' to 'float', possible loss of data
D:\cppProjects\asya\PerfectGame\PerfectGameClient\client.cpp(295,55): warning C4244: 'argument': conversion from 'int' to 'float', possible loss of data
D:\cppProjects\asya\PerfectGame\PerfectGameClient\client.cpp(301,116): warning C4244: 'argument': conversion from 'int' to 'float', possible loss of data
D:\cppProjects\asya\PerfectGame\PerfectGameClient\client.cpp(305,99): warning C4244: 'argument': conversion from 'int' to 'float', possible loss of data
D:\cppProjects\asya\PerfectGame\PerfectGameClient\client.cpp(305,59): warning C4244: 'argument': conversion from 'int' to 'float', possible loss of data
  Generating code
  2 of 480 functions ( 0.4%) were compiled, the rest were copied from previous compilation.
    0 functions were new in current compilation
    6 functions had inline decision re-evaluated but remain unchanged
  Finished generating code
  PerfectGameClient.vcxproj -> D:\cppProjects\asya\PerfectGame\x64\Release\PerfectGameClient.exe
